<?xml version="1.0" encoding="UTF-8"?>
<!-- Generated by org.testng.reporters.JUnitReportReporter -->
<testsuite hostname="mac-kgrandhi.local" name="tournament.Stadium" tests="1" failures="0" timestamp="5 May 2017 10:45:44 GMT" time="0.008" errors="0">
  <testcase name="Over1" time="0.008" classname="tournament.Stadium"/>
</testsuite> <!-- tournament.Stadium -->
