<?xml version="1.0" encoding="UTF-8"?>
<!-- Generated by org.testng.reporters.JUnitReportReporter -->
<testsuite hostname="mac-kgrandhi-2.local" name="tournament.pract_1" tests="1" failures="0" timestamp="4 Sep 2018 03:33:30 GMT" time="116.070" errors="0">
  <testcase name="cashflow" time="116.070" classname="tournament.pract_1"/>
</testsuite> <!-- tournament.pract_1 -->
