<?xml version="1.0" encoding="UTF-8"?>
<!-- Generated by org.testng.reporters.JUnitReportReporter -->
<testsuite hostname="mac-kgrandhi.local" name="tournament.pract_2" tests="1" failures="0" timestamp="20 Feb 2018 17:15:13 GMT" time="111.816" errors="0">
  <testcase name="InvestingZeroDataState" time="111.816" classname="tournament.pract_2"/>
</testsuite> <!-- tournament.pract_2 -->
