<?xml version="1.0" encoding="UTF-8"?>
<!-- Generated by org.testng.reporters.JUnitReportReporter -->
<testsuite hostname="mac-kgrandhi.local" name="support.Helper" tests="1" failures="0" timestamp="8 May 2017 09:37:51 GMT" time="0.008" errors="0">
  <testcase name="Over1" time="0.008" classname="support.Helper"/>
</testsuite> <!-- support.Helper -->
