<?xml version="1.0" encoding="UTF-8"?>
<!-- Generated by org.testng.reporters.JUnitReportReporter -->
<testsuite hostname="mac-kgrandhi.local" name="tournament.Stadium" tests="1" failures="0" timestamp="8 Feb 2018 06:08:06 GMT" time="0.009" errors="0">
  <testcase name="Over3" time="0.009" classname="tournament.Stadium"/>
</testsuite> <!-- tournament.Stadium -->
