<?xml version="1.0" encoding="UTF-8"?>
<!-- Generated by org.testng.reporters.JUnitReportReporter -->
<testsuite hostname="mac-kgrandhi.local" name="tournament.PracticeMatch" tests="1" failures="0" timestamp="12 Jun 2017 07:10:07 GMT" time="0.008" errors="0">
  <testcase name="tt" time="0.008" classname="tournament.PracticeMatch"/>
</testsuite> <!-- tournament.PracticeMatch -->
