<?xml version="1.0" encoding="UTF-8"?>
<!-- Generated by org.testng.reporters.JUnitReportReporter -->
<testsuite hostname="mac-kgrandhi.local" name="tournament.Stadium" tests="2" failures="0" timestamp="5 Jun 2017 09:35:41 GMT" time="0.012" errors="0">
  <testcase name="Over3" time="0.001" classname="tournament.Stadium"/>
  <testcase name="Over2" time="0.011" classname="tournament.Stadium"/>
</testsuite> <!-- tournament.Stadium -->
